0 info it worked if it ends with ok
1 verbose cli [ 'D:\\Program Files\\nodejs\\node.exe',
1 verbose cli   'D:\\Program Files\\nodejs\\node_modules\\npm\\bin\\npm-cli.js',
1 verbose cli   'start' ]
2 info using npm@3.10.9
3 info using node@v8.11.3
4 verbose run-script [ 'prestart', 'start', 'poststart' ]
5 info lifecycle client@0.0.0~prestart: client@0.0.0
6 silly lifecycle client@0.0.0~prestart: no script for prestart, continuing
7 info lifecycle client@0.0.0~start: client@0.0.0
8 verbose lifecycle client@0.0.0~start: unsafe-perm in lifecycle true
9 verbose lifecycle client@0.0.0~start: PATH: D:\Program Files\nodejs\node_modules\npm\bin\node-gyp-bin;D:\Dev\eclipse-workspace\online-test-exam-maker\client\node_modules\.bin;C:/Program Files/Java/jre1.8.0_181/bin/server;C:/Program Files/Java/jre1.8.0_181/bin;C:/Program Files/Java/jre1.8.0_181/lib/amd64;C:\Python37\Scripts\;C:\Python37\;C:\Program Files (x86)\Common Files\Oracle\Java\javapath;C:\Windows\system32;C:\Windows;C:\Windows\System32\Wbem;C:\Windows\System32\WindowsPowerShell\v1.0;C:\Program Files\Java\jdk1.8.0_181\bin;D:\Program Files\nodejs;D:\Program Files\MySQL\MySQL SERVER 5.7\bin\;D:\Program Files\Git\bin;C:\ProgramData\chocolatey\bin;C:\Program Files\Git\cmd;C:\Windows\system32;C:\Windows;C:\Windows\System32\Wbem;C:\Windows\System32\WindowsPowerShell\v1.0\;C:\Users\hez_user\AppData\Roaming\npm;D:\Program Files\eclipse;
10 verbose lifecycle client@0.0.0~start: CWD: D:\Dev\eclipse-workspace\online-test-exam-maker\client
11 silly lifecycle client@0.0.0~start: Args: [ '/d /s /c', 'ng serve' ]
12 silly lifecycle client@0.0.0~start: Returned: code: 3221225786  signal: null
13 info lifecycle client@0.0.0~start: Failed to exec start script
14 verbose stack Error: client@0.0.0 start: `ng serve`
14 verbose stack Exit status 3221225786
14 verbose stack     at EventEmitter.<anonymous> (D:\Program Files\nodejs\node_modules\npm\lib\utils\lifecycle.js:255:16)
14 verbose stack     at emitTwo (events.js:126:13)
14 verbose stack     at EventEmitter.emit (events.js:214:7)
14 verbose stack     at ChildProcess.<anonymous> (D:\Program Files\nodejs\node_modules\npm\lib\utils\spawn.js:40:14)
14 verbose stack     at emitTwo (events.js:126:13)
14 verbose stack     at ChildProcess.emit (events.js:214:7)
14 verbose stack     at maybeClose (internal/child_process.js:925:16)
14 verbose stack     at Process.ChildProcess._handle.onexit (internal/child_process.js:209:5)
15 verbose pkgid client@0.0.0
16 verbose cwd D:\Dev\eclipse-workspace\online-test-exam-maker\client
17 error Windows_NT 6.1.7601
18 error argv "D:\\Program Files\\nodejs\\node.exe" "D:\\Program Files\\nodejs\\node_modules\\npm\\bin\\npm-cli.js" "start"
19 error node v8.11.3
20 error npm  v3.10.9
21 error code ELIFECYCLE
22 error client@0.0.0 start: `ng serve`
22 error Exit status 3221225786
23 error Failed at the client@0.0.0 start script 'ng serve'.
23 error Make sure you have the latest version of node.js and npm installed.
23 error If you do, this is most likely a problem with the client package,
23 error not with npm itself.
23 error Tell the author that this fails on your system:
23 error     ng serve
23 error You can get information on how to open an issue for this project with:
23 error     npm bugs client
23 error Or if that isn't available, you can get their info via:
23 error     npm owner ls client
23 error There is likely additional logging output above.
24 verbose exit [ 1, true ]
